<?xml version="1.0" encoding="UTF-8"?>
<testng-results ignored="0" total="1" passed="1" failed="0" skipped="0">
  <reporter-output>
  </reporter-output>
  <suite started-at="2022-05-13T13:04:47 IST" name="Default suite" finished-at="2022-05-13T13:05:41 IST" duration-ms="54247">
    <groups>
    </groups>
    <test started-at="2022-05-13T13:04:47 IST" name="Default test" finished-at="2022-05-13T13:05:41 IST" duration-ms="54247">
      <class name="rahulshettyacademy.ExtentReportDemo.ExtentDemo">
        <test-method is-config="true" signature="Config()[pri:0, instance:rahulshettyacademy.ExtentReportDemo.ExtentDemo@23c30a20]" started-at="2022-05-13T13:04:47 IST" name="Config" finished-at="2022-05-13T13:04:49 IST" duration-ms="1687" status="PASS">
          <reporter-output>
          </reporter-output>
        </test-method> <!-- Config -->
        <test-method signature="initialdemo()[pri:0, instance:rahulshettyacademy.ExtentReportDemo.ExtentDemo@23c30a20]" started-at="2022-05-13T13:04:49 IST" name="initialdemo" finished-at="2022-05-13T13:05:41 IST" duration-ms="52438" status="PASS">
          <reporter-output>
          </reporter-output>
        </test-method> <!-- initialdemo -->
      </class> <!-- rahulshettyacademy.ExtentReportDemo.ExtentDemo -->
    </test> <!-- Default test -->
  </suite> <!-- Default suite -->
</testng-results>
